2020-11-13 09:06:05.243  INFO 4538 --- [main] lavalink.server.Launcher                 : 

[32m       .  [31m _                  _ _       _    [32m__ _ _
[32m      /\\ [31m| | __ ___   ____ _| (_)_ __ | | __[32m\ \ \ \
[32m     ( ( )[31m| |/ _` \ \ / / _` | | | '_ \| |/ /[32m \ \ \ \
[32m      \\/ [31m| | (_| |\ V / (_| | | | | | |   < [32m  ) ) ) )
[32m       '  [31m|_|\__,_| \_/ \__,_|_|_|_| |_|_|\_\[32m / / / /
[0m    =========================================[32m/_/_/_/[0m

	Version:        3.3.2.1
	Build:          1132
	Build time:     28.10.2020 21:44:36 UTC
	Branch          master
	Commit:         833f72e
	Commit time:    28.10.2020 21:39:31 UTC
	JVM:            11.0.9
	Lavaplayer      1.3.53

2020-11-13 09:06:05.381  INFO 4538 --- [main] lavalink.server.Launcher                 : Starting Launcher on sqne-Aspire-A515-52G with PID 4538 (/home/sqne/PycharmProjects/CatBot/Lavalink/Lavalink.jar started by sqne in /home/sqne/PycharmProjects/CatBot/Lavalink)
2020-11-13 09:06:05.382  INFO 4538 --- [main] lavalink.server.Launcher                 : No active profile set, falling back to default profiles: default
2020-11-13 09:06:05.506  WARN 4538 --- [background-preinit] o.s.h.c.j.Jackson2ObjectMapperBuilder    : For Jackson Kotlin classes support please add "com.fasterxml.jackson.module:jackson-module-kotlin" to the classpath
2020-11-13 09:06:07.212  WARN 4538 --- [main] io.undertow.websockets.jsr               : UT026010: Buffer pool was not set on WebSocketDeploymentInfo, the default pool will be used
2020-11-13 09:06:07.262  INFO 4538 --- [main] io.undertow.servlet                      : Initializing Spring embedded WebApplicationContext
2020-11-13 09:06:07.262  INFO 4538 --- [main] o.s.web.context.ContextLoader            : Root WebApplicationContext: initialization completed in 1823 ms
2020-11-13 09:06:08.029  WARN 4538 --- [main] l.server.config.SentryConfiguration      : Turning off sentry
2020-11-13 09:06:08.648  INFO 4538 --- [main] c.s.d.l.tools.GarbageCollectionMonitor   : GC monitoring enabled, reporting results every 2 minutes.
2020-11-13 09:06:08.969  INFO 4538 --- [main] lavalink.server.config.KoeConfiguration  : OS: Linux, Arch: amd64
2020-11-13 09:06:08.970  INFO 4538 --- [main] lavalink.server.config.KoeConfiguration  : Enabling JDA-NAS
2020-11-13 09:06:08.975  INFO 4538 --- [main] c.s.l.c.natives.NativeLibraryLoader      : Native library udpqueue: loading with filter null
2020-11-13 09:06:08.981  INFO 4538 --- [main] c.s.l.c.natives.NativeLibraryLoader      : Native library udpqueue: successfully loaded.
2020-11-13 09:06:09.342  INFO 4538 --- [main] o.s.s.concurrent.ThreadPoolTaskExecutor  : Initializing ExecutorService 'applicationTaskExecutor'
2020-11-13 09:06:09.720  INFO 4538 --- [main] org.xnio                                 : XNIO version 3.3.8.Final
2020-11-13 09:06:09.734  INFO 4538 --- [main] org.xnio.nio                             : XNIO NIO Implementation Version 3.3.8.Final
2020-11-13 09:06:09.818  INFO 4538 --- [main] o.s.b.w.e.u.UndertowServletWebServer     : Undertow started on port(s) 2333 (http) with context path ''
2020-11-13 09:06:09.824  INFO 4538 --- [main] lavalink.server.Launcher                 : Started Launcher in 5.051 seconds (JVM running for 5.574)
2020-11-13 09:06:09.826  INFO 4538 --- [main] lavalink.server.Launcher                 : You can safely ignore the big red warning about illegal reflection. See https://github.com/Frederikam/Lavalink/issues/295
2020-11-13 09:06:18.511  INFO 4538 --- [XNIO-1 task-1] io.undertow.servlet                      : Initializing Spring DispatcherServlet 'dispatcherServlet'
2020-11-13 09:06:18.512  INFO 4538 --- [XNIO-1 task-1] o.s.web.servlet.DispatcherServlet        : Initializing Servlet 'dispatcherServlet'
2020-11-13 09:06:18.521  INFO 4538 --- [XNIO-1 task-1] o.s.web.servlet.DispatcherServlet        : Completed initialization in 9 ms
2020-11-13 09:06:18.546  INFO 4538 --- [XNIO-1 task-1] l.server.io.HandshakeInterceptorImpl     : Incoming connection from /127.0.0.1:47418
2020-11-13 09:06:18.602  INFO 4538 --- [XNIO-1 task-1] lavalink.server.io.SocketServer          : Connection successfully established from /127.0.0.1:47418
2020-11-13 09:06:18.618  INFO 4538 --- [XNIO-1 I/O-6] lavalink.server.io.SocketServer          : {"op": "configureResuming", "key": "default-node", "timeout": 60}
2020-11-13 09:08:28.005  INFO 4538 --- [XNIO-1 task-2] l.server.player.AudioLoaderRestHandler   : Got request to load for identifier "ytsearch:megalovania"
2020-11-13 09:08:28.274  INFO 4538 --- [XNIO-1 I/O-6] lavalink.server.io.SocketServer          : {"op": "voiceUpdate", "guildId": "714776964283498618", "sessionId": "4c1a63ab83c0c8daf80f26fc050a3a3a", "event": {"token": "dc92c83624a55088", "guild_id": "714776964283498618", "endpoint": "eu-central2160.discord.media:443"}}
2020-11-13 09:08:29.228  INFO 4538 --- [lava-daemon-pool-info-loader-2-thread-1] lavalink.server.player.AudioLoader       : Loaded playlist Search results for: megalovania
2020-11-13 09:08:29.601  INFO 4538 --- [XNIO-1 I/O-6] lavalink.server.io.SocketServer          : {"op": "play", "guildId": "714776964283498618", "track": "QAAAewIAF1VuZGVydGFsZSAtIE1lZ2Fsb3ZhbmlhAApHYW1lIEd1YXJkAAAAAAAEypAAC3dEZ1Fkcjhaa1R3AAEAK2h0dHBzOi8vd3d3LnlvdXR1YmUuY29tL3dhdGNoP3Y9d0RnUWRyOFprVHcAB3lvdXR1YmUAAAAAAAAAAA=="}
2020-11-13 09:10:55.608  INFO 4538 --- [XNIO-1 task-4] l.server.player.AudioLoaderRestHandler   : Got request to load for identifier "ytsearch:`https://youtu.be/z9VIOU9hBes`"
2020-11-13 09:10:55.946  INFO 4538 --- [lava-daemon-pool-info-loader-2-thread-1] lavalink.server.player.AudioLoader       : Loaded playlist Search results for: `https://youtu.be/z9VIOU9hBes`
2020-11-13 09:11:17.231  INFO 4538 --- [XNIO-1 I/O-6] lavalink.server.io.SocketServer          : {"op": "stop", "guildId": "714776964283498618"}
2020-11-13 09:11:24.752  INFO 4538 --- [XNIO-1 task-6] l.server.player.AudioLoaderRestHandler   : Got request to load for identifier "https://youtu.be/z9VIOU9hBes"
2020-11-13 09:11:25.314  INFO 4538 --- [lava-daemon-pool-info-loader-2-thread-1] lavalink.server.player.AudioLoader       : Loaded track (í•œê¸€ìžë§‰) ì—¬ì¹œ, ë¹Œë¦¬ê² ìŠµë‹ˆë‹¤ ED 2 Full - First Drop / halca
2020-11-13 09:11:25.512  INFO 4538 --- [XNIO-1 I/O-6] lavalink.server.io.SocketServer          : {"op": "play", "guildId": "714776964283498618", "track": "QAAArgIASCjtlZzquIDsnpDrp4kpIOyXrOy5nCwg67mM66as6rKg7Iq164uI64ukIEVEIDIgRnVsbCAtIEZpcnN0IERyb3AgLyBoYWxjYQAM7J207LmY6rCA7LigAAAAAAAECygAC3o5VklPVTloQmVzAAEAK2h0dHBzOi8vd3d3LnlvdXR1YmUuY29tL3dhdGNoP3Y9ejlWSU9VOWhCZXMAB3lvdXR1YmUAAAAAAAAAAA=="}
2020-11-13 09:15:51.167  INFO 4538 --- [XNIO-1 I/O-6] lavalink.server.io.SocketServer          : {"op": "stop", "guildId": "714776964283498618"}
2020-11-13 09:16:28.896  INFO 4538 --- [XNIO-1 task-8] l.server.player.AudioLoaderRestHandler   : Got request to load for identifier "ytsearch:megalovania"
2020-11-13 09:16:29.191  INFO 4538 --- [XNIO-1 I/O-6] lavalink.server.io.SocketServer          : {"op": "voiceUpdate", "guildId": "714776964283498618", "sessionId": "4c1a63ab83c0c8daf80f26fc050a3a3a", "event": {"token": "45bdffd1b7c3e90d", "guild_id": "714776964283498618", "endpoint": "eu-central2160.discord.media:443"}}
2020-11-13 09:16:29.461  INFO 4538 --- [lava-daemon-pool-info-loader-2-thread-1] lavalink.server.player.AudioLoader       : Loaded playlist Search results for: megalovania
2020-11-13 09:16:29.699  INFO 4538 --- [XNIO-1 I/O-6] lavalink.server.io.SocketServer          : {"op": "play", "guildId": "714776964283498618", "track": "QAAAewIAF1VuZGVydGFsZSAtIE1lZ2Fsb3ZhbmlhAApHYW1lIEd1YXJkAAAAAAAEypAAC3dEZ1Fkcjhaa1R3AAEAK2h0dHBzOi8vd3d3LnlvdXR1YmUuY29tL3dhdGNoP3Y9d0RnUWRyOFprVHcAB3lvdXR1YmUAAAAAAAAAAA=="}
2020-11-13 09:16:33.610  INFO 4538 --- [XNIO-1 task-10] l.server.player.AudioLoaderRestHandler   : Got request to load for identifier "ytsearch:lofi"
2020-11-13 09:16:34.415  INFO 4538 --- [lava-daemon-pool-info-loader-2-thread-1] lavalink.server.player.AudioLoader       : Loaded playlist Search results for: lofi
2020-11-13 09:17:19.433  INFO 4538 --- [XNIO-1 I/O-6] lavalink.server.io.SocketServer          : {"op": "stop", "guildId": "714776964283498618"}
2020-11-13 09:17:21.140  INFO 4538 --- [XNIO-1 I/O-6] lavalink.server.io.SocketServer          : Connection closed from /127.0.0.1:47418 with status CloseStatus[code=1006, reason=] -- Session can be resumed within the next 60 seconds with key default-node
2020-11-13 09:17:21.518  INFO 4538 --- [XNIO-1 task-12] l.server.io.HandshakeInterceptorImpl     : Incoming connection from /127.0.0.1:47652
2020-11-13 09:17:21.519  INFO 4538 --- [XNIO-1 task-12] lavalink.server.io.SocketServer          : Connection successfully established from /127.0.0.1:47652
2020-11-13 09:17:21.520  INFO 4538 --- [XNIO-1 I/O-8] lavalink.server.io.SocketServer          : {"op": "configureResuming", "key": "default-node", "timeout": 60}
2020-11-13 09:17:40.718  INFO 4538 --- [XNIO-1 task-13] l.server.player.AudioLoaderRestHandler   : Got request to load for identifier "ytsearch:lol"
2020-11-13 09:17:41.021  INFO 4538 --- [XNIO-1 I/O-8] lavalink.server.io.SocketServer          : {"op": "voiceUpdate", "guildId": "714776964283498618", "sessionId": "fa97e6d089a850c6ac9db9d4791fa07c", "event": {"token": "98c685dd3db3330b", "guild_id": "714776964283498618", "endpoint": "eu-central2160.discord.media:443"}}
2020-11-13 09:17:41.357  INFO 4538 --- [lava-daemon-pool-info-loader-2-thread-1] lavalink.server.player.AudioLoader       : Loaded playlist Search results for: lol
2020-11-13 09:17:41.599  INFO 4538 --- [XNIO-1 I/O-8] lavalink.server.io.SocketServer          : {"op": "play", "guildId": "714776964283498618", "track": "QAAAsgIASUwuTy5MLiBTdXJwcmlzZSBSZS1taXggSGFpciBGbGlwIO2gvO2+uO2gvO2+pCBBcHJpYW1vbGUgVFVUVEUhIFtVbmJveGluZ10AD0dsaXR0ZXIgJiBDYW5keQAAAAAADz5YAAtqaW9KM3FoSzlJYwABACtodHRwczovL3d3dy55b3V0dWJlLmNvbS93YXRjaD92PWppb0ozcWhLOUljAAd5b3V0dWJlAAAAAAAAAAA="}
2020-11-13 09:17:43.980  INFO 4538 --- [XNIO-1 task-15] l.server.player.AudioLoaderRestHandler   : Got request to load for identifier "ytsearch:weeeee"
2020-11-13 09:17:44.494  INFO 4538 --- [lava-daemon-pool-info-loader-2-thread-1] lavalink.server.player.AudioLoader       : Loaded playlist Search results for: weeeee
2020-11-13 09:17:49.810  INFO 4538 --- [XNIO-1 I/O-8] lavalink.server.io.SocketServer          : {"op": "stop", "guildId": "714776964283498618"}
2020-11-13 09:17:52.871  INFO 4538 --- [XNIO-1 task-17] l.server.player.AudioLoaderRestHandler   : Got request to load for identifier "ytsearch:lofi"
2020-11-13 09:17:53.601  INFO 4538 --- [lava-daemon-pool-info-loader-2-thread-1] lavalink.server.player.AudioLoader       : Loaded playlist Search results for: lofi
2020-11-13 09:17:53.798  INFO 4538 --- [XNIO-1 I/O-8] lavalink.server.io.SocketServer          : {"op": "play", "guildId": "714776964283498618", "track": "QAAAmwIANzEgQS5NIFN0dWR5IFNlc3Npb24g7aC97bOaIC0gW2xvZmkgaGlwIGhvcC9jaGlsbCBiZWF0c10ACkNoaWxsZWRDb3cAAAAAADgPkAALbFRSaXVGSVdWNTQAAQAraHR0cHM6Ly93d3cueW91dHViZS5jb20vd2F0Y2g/dj1sVFJpdUZJV1Y1NAAHeW91dHViZQAAAAAAAAAA"}
2020-11-13 09:18:21.143  INFO 4538 --- [pool-2-thread-1] lavalink.server.io.SocketContext         : Shutting down 0 playing players.
2020-11-13 09:20:27.515  INFO 4538 --- [XNIO-1 I/O-8] lavalink.server.io.SocketServer          : {"op": "stop", "guildId": "714776964283498618"}
2020-11-13 09:20:28.768  INFO 4538 --- [XNIO-1 I/O-8] lavalink.server.io.SocketServer          : Connection closed from /127.0.0.1:47652 with status CloseStatus[code=1006, reason=] -- Session can be resumed within the next 60 seconds with key default-node
2020-11-13 09:20:29.139  INFO 4538 --- [XNIO-1 task-19] l.server.io.HandshakeInterceptorImpl     : Incoming connection from /127.0.0.1:47682
2020-11-13 09:20:29.142  INFO 4538 --- [XNIO-1 task-19] lavalink.server.io.SocketServer          : Connection successfully established from /127.0.0.1:47682
2020-11-13 09:20:29.143  INFO 4538 --- [XNIO-1 I/O-6] lavalink.server.io.SocketServer          : {"op": "configureResuming", "key": "default-node", "timeout": 60}
2020-11-13 09:20:36.993  INFO 4538 --- [XNIO-1 task-20] l.server.player.AudioLoaderRestHandler   : Got request to load for identifier "ytsearch:hi"
2020-11-13 09:20:37.290  INFO 4538 --- [XNIO-1 I/O-6] lavalink.server.io.SocketServer          : {"op": "voiceUpdate", "guildId": "714776964283498618", "sessionId": "5118ec14717f89e452cac01278ef9dab", "event": {"token": "0bab24fef4005a46", "guild_id": "714776964283498618", "endpoint": "eu-central2160.discord.media:443"}}
2020-11-13 09:20:37.533  INFO 4538 --- [lava-daemon-pool-info-loader-2-thread-1] lavalink.server.player.AudioLoader       : Loaded playlist Search results for: hi
2020-11-13 09:20:37.762  INFO 4538 --- [XNIO-1 I/O-6] lavalink.server.io.SocketServer          : {"op": "play", "guildId": "714776964283498618", "track": "QAAAqwIARyJIaSIgMTAwJSBDb21wbGV0ZSAoSU5TQU5FIERFTU9OKSAtIGJ5IEtyYXp5bWFuNTAgLSBHZW9tZXRyeSBEYXNoIFsyLjFdAApUb3NoRGVsdXhlAAAAAAACgKAACzc3bFBhb2E1bkpJAAEAK2h0dHBzOi8vd3d3LnlvdXR1YmUuY29tL3dhdGNoP3Y9NzdsUGFvYTVuSkkAB3lvdXR1YmUAAAAAAAAAAA=="}
2020-11-13 09:21:28.769  INFO 4538 --- [pool-3-thread-1] lavalink.server.io.SocketContext         : Shutting down 0 playing players.
2020-11-13 09:23:22.710  INFO 4538 --- [XNIO-1 I/O-6] lavalink.server.io.SocketServer          : {"op": "stop", "guildId": "714776964283498618"}
2020-11-13 09:24:55.812  INFO 4538 --- [XNIO-1 I/O-6] lavalink.server.io.SocketServer          : Connection closed from /127.0.0.1:47682 with status CloseStatus[code=1006, reason=] -- Session can be resumed within the next 60 seconds with key default-node
2020-11-13 09:24:56.333  INFO 4538 --- [XNIO-1 task-22] l.server.io.HandshakeInterceptorImpl     : Incoming connection from /127.0.0.1:47866
2020-11-13 09:24:56.335  INFO 4538 --- [XNIO-1 task-22] lavalink.server.io.SocketServer          : Connection successfully established from /127.0.0.1:47866
2020-11-13 09:24:56.336  INFO 4538 --- [XNIO-1 I/O-6] lavalink.server.io.SocketServer          : {"op": "configureResuming", "key": "default-node", "timeout": 60}
2020-11-13 09:25:02.049  INFO 4538 --- [XNIO-1 task-23] l.server.player.AudioLoaderRestHandler   : Got request to load for identifier "ytsearch:noob"
2020-11-13 09:25:02.639  INFO 4538 --- [lava-daemon-pool-info-loader-2-thread-1] lavalink.server.player.AudioLoader       : Loaded playlist Search results for: noob
2020-11-13 09:25:02.848  INFO 4538 --- [XNIO-1 I/O-6] lavalink.server.io.SocketServer          : {"op": "play", "guildId": "714776964283498618", "track": "QAAAxgIAYU1pbmVjcmFmdCBOT09CIHZzIFBSTzogV09XISBOT09CIFRVUk5FRCBXQVRFUiBJTlRPIFRSRUFTVVJFIFdJVEggSU5DUkVESUJMRSBGQVVDRVQ/IDEwMCUgdHJvbGxpbmcAC1Njb29ieSBOb29iAAAAAAAJ40AAC29rMGU4dDU2RW5ZAAEAK2h0dHBzOi8vd3d3LnlvdXR1YmUuY29tL3dhdGNoP3Y9b2swZTh0NTZFblkAB3lvdXR1YmUAAAAAAAAAAA=="}
2020-11-13 09:25:02.884  INFO 4538 --- [XNIO-1 I/O-6] lavalink.server.io.SocketServer          : {"op": "voiceUpdate", "guildId": "714776964283498618", "sessionId": "ca451af5120b3c8d0a3953c8f7c5e073", "event": {"token": "1933b2b4f2c5ccf4", "guild_id": "714776964283498618", "endpoint": "eu-central2160.discord.media:443"}}
2020-11-13 09:25:10.580  INFO 4538 --- [XNIO-1 I/O-6] lavalink.server.io.SocketServer          : {"op": "stop", "guildId": "714776964283498618"}
2020-11-13 09:25:55.812  INFO 4538 --- [pool-4-thread-1] lavalink.server.io.SocketContext         : Shutting down 0 playing players.
2020-11-13 09:28:53.144  INFO 4538 --- [XNIO-1 task-25] l.server.player.AudioLoaderRestHandler   : Got request to load for identifier "https://youtu.be/CaksNlNniis"
2020-11-13 09:28:53.664  INFO 4538 --- [lava-daemon-pool-info-loader-2-thread-1] lavalink.server.player.AudioLoader       : Loaded track No Game No Life Opening Full
2020-11-13 09:28:53.957  INFO 4538 --- [XNIO-1 I/O-6] lavalink.server.io.SocketServer          : {"op": "play", "guildId": "714776964283498618", "track": "QAAAggIAHE5vIEdhbWUgTm8gTGlmZSBPcGVuaW5nIEZ1bGwADEFuZ2VsIEx1bmFpcgAAAAAABEXAAAtDYWtzTmxObmlpcwABACtodHRwczovL3d3dy55b3V0dWJlLmNvbS93YXRjaD92PUNha3NObE5uaWlzAAd5b3V0dWJlAAAAAAAAAAA="}
2020-11-13 09:30:16.979  INFO 4538 --- [XNIO-1 task-27] l.server.player.AudioLoaderRestHandler   : Got request to load for identifier "ytsearch:sdkfjlds"
2020-11-13 09:30:17.207  INFO 4538 --- [XNIO-1 I/O-6] lavalink.server.io.SocketServer          : {"op": "voiceUpdate", "guildId": "714568521979396166", "sessionId": "ca451af5120b3c8d0a3953c8f7c5e073", "event": {"token": "a9305d8e354ef2c2", "guild_id": "714568521979396166", "endpoint": "eu-central217.discord.media:443"}}
2020-11-13 09:30:17.259  INFO 4538 --- [lava-daemon-pool-info-loader-2-thread-1] lavalink.server.player.AudioLoader       : No matches found
2020-11-13 09:30:19.375  INFO 4538 --- [XNIO-1 task-29] l.server.player.AudioLoaderRestHandler   : Got request to load for identifier "ytsearch:mo"
2020-11-13 09:30:20.016  INFO 4538 --- [lava-daemon-pool-info-loader-2-thread-1] lavalink.server.player.AudioLoader       : Loaded playlist Search results for: mo
2020-11-13 09:30:20.201  INFO 4538 --- [XNIO-1 I/O-6] lavalink.server.io.SocketServer          : {"op": "play", "guildId": "714568521979396166", "track": "QAAAhgIAIU3DmCAtIEZpbmFsIFNvbmcgKE9mZmljaWFsIFZpZGVvKQALTU9NT01PWU9VVEgAAAAAAAPcSAALV1VjWFEtLXlHV1EAAQAraHR0cHM6Ly93d3cueW91dHViZS5jb20vd2F0Y2g/dj1XVWNYUS0teUdXUQAHeW91dHViZQAAAAAAAAAA"}
2020-11-13 09:33:34.463  INFO 4538 --- [XNIO-1 I/O-6] lavalink.server.io.SocketServer          : {"op": "stop", "guildId": "714776964283498618"}
2020-11-13 09:33:47.079  INFO 4538 --- [XNIO-1 I/O-6] lavalink.server.io.SocketServer          : {"op": "voiceUpdate", "guildId": "714776964283498618", "sessionId": "ca451af5120b3c8d0a3953c8f7c5e073", "event": {"token": "7dc00b89129f124b", "guild_id": "714776964283498618", "endpoint": "eu-central2160.discord.media:443"}}
2020-11-13 09:34:32.765  INFO 4538 --- [XNIO-1 I/O-6] lavalink.server.io.SocketServer          : {"op": "stop", "guildId": "714568521979396166"}
2020-11-13 09:44:30.236  INFO 4538 --- [XNIO-1 task-31] l.server.player.AudioLoaderRestHandler   : Got request to load for identifier "ytsearch:hi"
2020-11-13 09:44:30.468  INFO 4538 --- [XNIO-1 I/O-6] lavalink.server.io.SocketServer          : {"op": "voiceUpdate", "guildId": "714568521979396166", "sessionId": "ca451af5120b3c8d0a3953c8f7c5e073", "event": {"token": "b01a578fd6b725f1", "guild_id": "714568521979396166", "endpoint": "eu-central431.discord.media:443"}}
2020-11-13 09:44:30.911  INFO 4538 --- [lava-daemon-pool-info-loader-2-thread-1] lavalink.server.player.AudioLoader       : Loaded playlist Search results for: hi
2020-11-13 09:44:31.156  INFO 4538 --- [XNIO-1 I/O-6] lavalink.server.io.SocketServer          : {"op": "play", "guildId": "714568521979396166", "track": "QAAAqwIARyJIaSIgMTAwJSBDb21wbGV0ZSAoSU5TQU5FIERFTU9OKSAtIGJ5IEtyYXp5bWFuNTAgLSBHZW9tZXRyeSBEYXNoIFsyLjFdAApUb3NoRGVsdXhlAAAAAAACgKAACzc3bFBhb2E1bkpJAAEAK2h0dHBzOi8vd3d3LnlvdXR1YmUuY29tL3dhdGNoP3Y9NzdsUGFvYTVuSkkAB3lvdXR1YmUAAAAAAAAAAA=="}
2020-11-13 09:47:15.634  INFO 4538 --- [XNIO-1 I/O-6] lavalink.server.io.SocketServer          : {"op": "stop", "guildId": "714568521979396166"}
2020-11-13 09:50:50.121  INFO 4538 --- [XNIO-1 I/O-6] lavalink.server.io.SocketServer          : Connection closed from /127.0.0.1:47866 with status CloseStatus[code=1006, reason=] -- Session can be resumed within the next 60 seconds with key default-node
2020-11-13 09:50:50.527  INFO 4538 --- [XNIO-1 task-33] l.server.io.HandshakeInterceptorImpl     : Incoming connection from /127.0.0.1:48266
2020-11-13 09:50:50.530  INFO 4538 --- [XNIO-1 task-33] lavalink.server.io.SocketServer          : Connection successfully established from /127.0.0.1:48266
2020-11-13 09:50:50.530  INFO 4538 --- [XNIO-1 I/O-6] lavalink.server.io.SocketServer          : {"op": "configureResuming", "key": "default-node", "timeout": 60}
2020-11-13 09:51:03.832  INFO 4538 --- [XNIO-1 I/O-6] lavalink.server.io.SocketServer          : {"op": "voiceUpdate", "guildId": "714776964283498618", "sessionId": "860736172df43ad4d15498836feff8cb", "event": {"token": "7dc00b89129f124b", "guild_id": "714776964283498618", "endpoint": "eu-central2160.discord.media:443"}}
2020-11-13 09:51:50.121  INFO 4538 --- [pool-5-thread-1] lavalink.server.io.SocketContext         : Shutting down 0 playing players.
2020-11-13 09:53:46.067  INFO 4538 --- [XNIO-1 I/O-6] lavalink.server.io.SocketServer          : {"op": "stop", "guildId": "714776964283498618"}
2020-11-13 09:54:30.364  INFO 4538 --- [XNIO-1 I/O-6] lavalink.server.io.SocketServer          : {"op": "voiceUpdate", "guildId": "714776964283498618", "sessionId": "860736172df43ad4d15498836feff8cb", "event": {"token": "10e17f25b8f9c33b", "guild_id": "714776964283498618", "endpoint": "eu-central2160.discord.media:443"}}
2020-11-13 09:54:42.384  INFO 4538 --- [XNIO-1 task-34] l.server.player.AudioLoaderRestHandler   : Got request to load for identifier "ytsearch:`https://youtu.be/YGIAWyv9F84`"
2020-11-13 09:54:42.824  INFO 4538 --- [lava-daemon-pool-info-loader-2-thread-1] lavalink.server.player.AudioLoader       : Loaded playlist Search results for: `https://youtu.be/YGIAWyv9F84`
2020-11-13 09:54:43.010  INFO 4538 --- [XNIO-1 I/O-6] lavalink.server.io.SocketServer          : {"op": "play", "guildId": "714776964283498618", "track": "QAAApwIAR1NURUlOUztHQVRFIE9QIEtvcmVhbiBzdWJ0aXRsZSAo7IqI7YOA7J247KaIIOqyjOydtO2KuCBPUCDtlZzquIDsnpDrp4kpAAZKVyBLaW0AAAAAAAIPWAALWUdJQVd5djlGODQAAQAraHR0cHM6Ly93d3cueW91dHViZS5jb20vd2F0Y2g/dj1ZR0lBV3l2OUY4NAAHeW91dHViZQAAAAAAAAAA"}
2020-11-13 09:56:59.451  INFO 4538 --- [XNIO-1 I/O-6] lavalink.server.io.SocketServer          : {"op": "stop", "guildId": "714776964283498618"}
2020-11-13 09:58:12.226  INFO 4538 --- [XNIO-1 I/O-6] lavalink.server.io.SocketServer          : {"op": "voiceUpdate", "guildId": "714776964283498618", "sessionId": "860736172df43ad4d15498836feff8cb", "event": {"token": "7fdcbb145bb6324b", "guild_id": "714776964283498618", "endpoint": "eu-central2160.discord.media:443"}}
2020-11-13 09:58:49.418  INFO 4538 --- [XNIO-1 task-36] l.server.player.AudioLoaderRestHandler   : Got request to load for identifier "ytsearch:hi"
2020-11-13 09:58:55.051  INFO 4538 --- [lava-daemon-pool-info-loader-2-thread-1] lavalink.server.player.AudioLoader       : Loaded playlist Search results for: hi
2020-11-13 09:58:55.272  INFO 4538 --- [XNIO-1 I/O-6] lavalink.server.io.SocketServer          : {"op": "play", "guildId": "714776964283498618", "track": "QAAAqwIARyJIaSIgMTAwJSBDb21wbGV0ZSAoSU5TQU5FIERFTU9OKSAtIGJ5IEtyYXp5bWFuNTAgLSBHZW9tZXRyeSBEYXNoIFsyLjFdAApUb3NoRGVsdXhlAAAAAAACgKAACzc3bFBhb2E1bkpJAAEAK2h0dHBzOi8vd3d3LnlvdXR1YmUuY29tL3dhdGNoP3Y9NzdsUGFvYTVuSkkAB3lvdXR1YmUAAAAAAAAAAA=="}
2020-11-13 09:59:34.694  INFO 4538 --- [XNIO-1 I/O-6] lavalink.server.io.SocketServer          : {"op": "stop", "guildId": "714776964283498618"}
2020-11-13 10:09:18.473  INFO 4538 --- [XNIO-1 task-38] l.server.player.AudioLoaderRestHandler   : Got request to load for identifier "ytsearch:hi"
2020-11-13 10:09:19.039  INFO 4538 --- [lava-daemon-pool-info-loader-2-thread-1] lavalink.server.player.AudioLoader       : Loaded playlist Search results for: hi
2020-11-13 10:09:19.309  INFO 4538 --- [XNIO-1 I/O-6] lavalink.server.io.SocketServer          : {"op": "voiceUpdate", "guildId": "714776964283498618", "sessionId": "860736172df43ad4d15498836feff8cb", "event": {"token": "43ef760113d27a6e", "guild_id": "714776964283498618", "endpoint": "eu-central2160.discord.media:443"}}
2020-11-13 10:09:19.313  INFO 4538 --- [XNIO-1 I/O-6] lavalink.server.io.SocketServer          : {"op": "play", "guildId": "714776964283498618", "track": "QAAAqwIARyJIaSIgMTAwJSBDb21wbGV0ZSAoSU5TQU5FIERFTU9OKSAtIGJ5IEtyYXp5bWFuNTAgLSBHZW9tZXRyeSBEYXNoIFsyLjFdAApUb3NoRGVsdXhlAAAAAAACgKAACzc3bFBhb2E1bkpJAAEAK2h0dHBzOi8vd3d3LnlvdXR1YmUuY29tL3dhdGNoP3Y9NzdsUGFvYTVuSkkAB3lvdXR1YmUAAAAAAAAAAA=="}
2020-11-13 10:09:55.688  INFO 4538 --- [XNIO-1 I/O-6] lavalink.server.io.SocketServer          : {"op": "stop", "guildId": "714776964283498618"}
2020-11-13 10:09:58.079  INFO 4538 --- [XNIO-1 task-40] l.server.player.AudioLoaderRestHandler   : Got request to load for identifier "ytsearch:hi"
2020-11-13 10:09:58.383  INFO 4538 --- [XNIO-1 I/O-6] lavalink.server.io.SocketServer          : {"op": "voiceUpdate", "guildId": "714776964283498618", "sessionId": "860736172df43ad4d15498836feff8cb", "event": {"token": "ba7746e74c7063b8", "guild_id": "714776964283498618", "endpoint": "eu-central2160.discord.media:443"}}
2020-11-13 10:09:58.666  INFO 4538 --- [lava-daemon-pool-info-loader-2-thread-1] lavalink.server.player.AudioLoader       : Loaded playlist Search results for: hi
2020-11-13 10:09:58.876  INFO 4538 --- [XNIO-1 I/O-6] lavalink.server.io.SocketServer          : {"op": "play", "guildId": "714776964283498618", "track": "QAAAqwIARyJIaSIgMTAwJSBDb21wbGV0ZSAoSU5TQU5FIERFTU9OKSAtIGJ5IEtyYXp5bWFuNTAgLSBHZW9tZXRyeSBEYXNoIFsyLjFdAApUb3NoRGVsdXhlAAAAAAACgKAACzc3bFBhb2E1bkpJAAEAK2h0dHBzOi8vd3d3LnlvdXR1YmUuY29tL3dhdGNoP3Y9NzdsUGFvYTVuSkkAB3lvdXR1YmUAAAAAAAAAAA=="}
2020-11-13 10:10:46.472  INFO 4538 --- [XNIO-1 I/O-6] lavalink.server.io.SocketServer          : {"op": "stop", "guildId": "714776964283498618"}
2020-11-13 10:13:34.285  INFO 4538 --- [XNIO-1 task-42] l.server.player.AudioLoaderRestHandler   : Got request to load for identifier "ytsearch:pizza  time"
2020-11-13 10:13:34.584  INFO 4538 --- [XNIO-1 I/O-6] lavalink.server.io.SocketServer          : {"op": "voiceUpdate", "guildId": "714776964283498618", "sessionId": "860736172df43ad4d15498836feff8cb", "event": {"token": "626f026d4ffadac4", "guild_id": "714776964283498618", "endpoint": "eu-central2160.discord.media:443"}}
2020-11-13 10:13:34.697  INFO 4538 --- [lava-daemon-pool-info-loader-2-thread-1] lavalink.server.player.AudioLoader       : Loaded playlist Search results for: pizza  time
2020-11-13 10:13:34.985  INFO 4538 --- [XNIO-1 I/O-6] lavalink.server.io.SocketServer          : {"op": "play", "guildId": "714776964283498618", "track": "QAAAbwIACnBpenphIHRpbWUAC0NocmlzIEtvZ29zAAAAAAABMLAAC2xwdlQtRmNpdS00AAEAK2h0dHBzOi8vd3d3LnlvdXR1YmUuY29tL3dhdGNoP3Y9bHB2VC1GY2l1LTQAB3lvdXR1YmUAAAAAAAAAAA=="}
2020-11-13 10:14:52.892  INFO 4538 --- [XNIO-1 I/O-6] lavalink.server.io.SocketServer          : {"op": "stop", "guildId": "714776964283498618"}
2020-11-13 10:15:15.712  INFO 4538 --- [XNIO-1 task-44] l.server.player.AudioLoaderRestHandler   : Got request to load for identifier "ytsearch:pizza time"
2020-11-13 10:15:16.020  INFO 4538 --- [XNIO-1 I/O-6] lavalink.server.io.SocketServer          : {"op": "voiceUpdate", "guildId": "714776964283498618", "sessionId": "860736172df43ad4d15498836feff8cb", "event": {"token": "f9fa44538950d169", "guild_id": "714776964283498618", "endpoint": "eu-central2160.discord.media:443"}}
2020-11-13 10:15:16.294  INFO 4538 --- [lava-daemon-pool-info-loader-2-thread-1] lavalink.server.player.AudioLoader       : Loaded playlist Search results for: pizza time
2020-11-13 10:15:16.498  INFO 4538 --- [XNIO-1 I/O-6] lavalink.server.io.SocketServer          : {"op": "play", "guildId": "714776964283498618", "track": "QAAAbwIACnBpenphIHRpbWUAC0NocmlzIEtvZ29zAAAAAAABMLAAC2xwdlQtRmNpdS00AAEAK2h0dHBzOi8vd3d3LnlvdXR1YmUuY29tL3dhdGNoP3Y9bHB2VC1GY2l1LTQAB3lvdXR1YmUAAAAAAAAAAA=="}
2020-11-13 10:16:34.321  INFO 4538 --- [XNIO-1 I/O-6] lavalink.server.io.SocketServer          : {"op": "stop", "guildId": "714776964283498618"}
2020-11-13 10:17:18.541  INFO 4538 --- [XNIO-1 task-46] l.server.player.AudioLoaderRestHandler   : Got request to load for identifier "ytsearch:hi"
2020-11-13 10:17:18.848  INFO 4538 --- [XNIO-1 I/O-6] lavalink.server.io.SocketServer          : {"op": "voiceUpdate", "guildId": "714776964283498618", "sessionId": "860736172df43ad4d15498836feff8cb", "event": {"token": "3bf4c6e35b6d3f82", "guild_id": "714776964283498618", "endpoint": "eu-central2160.discord.media:443"}}
2020-11-13 10:17:19.099  INFO 4538 --- [lava-daemon-pool-info-loader-2-thread-1] lavalink.server.player.AudioLoader       : Loaded playlist Search results for: hi
2020-11-13 10:17:19.350  INFO 4538 --- [XNIO-1 I/O-6] lavalink.server.io.SocketServer          : {"op": "play", "guildId": "714776964283498618", "track": "QAAAqwIARyJIaSIgMTAwJSBDb21wbGV0ZSAoSU5TQU5FIERFTU9OKSAtIGJ5IEtyYXp5bWFuNTAgLSBHZW9tZXRyeSBEYXNoIFsyLjFdAApUb3NoRGVsdXhlAAAAAAACgKAACzc3bFBhb2E1bkpJAAEAK2h0dHBzOi8vd3d3LnlvdXR1YmUuY29tL3dhdGNoP3Y9NzdsUGFvYTVuSkkAB3lvdXR1YmUAAAAAAAAAAA=="}
2020-11-13 10:17:32.890  INFO 4538 --- [XNIO-1 I/O-6] lavalink.server.io.SocketServer          : {"op": "stop", "guildId": "714776964283498618"}
2020-11-13 10:17:40.148  INFO 4538 --- [XNIO-1 task-48] l.server.player.AudioLoaderRestHandler   : Got request to load for identifier "ytsearch:pizza time"
2020-11-13 10:17:40.453  INFO 4538 --- [XNIO-1 I/O-6] lavalink.server.io.SocketServer          : {"op": "voiceUpdate", "guildId": "714776964283498618", "sessionId": "860736172df43ad4d15498836feff8cb", "event": {"token": "b6e8b1082afbd51e", "guild_id": "714776964283498618", "endpoint": "eu-central2160.discord.media:443"}}
2020-11-13 10:17:40.697  INFO 4538 --- [lava-daemon-pool-info-loader-2-thread-1] lavalink.server.player.AudioLoader       : Loaded playlist Search results for: pizza time
2020-11-13 10:17:40.898  INFO 4538 --- [XNIO-1 I/O-6] lavalink.server.io.SocketServer          : {"op": "play", "guildId": "714776964283498618", "track": "QAAAbwIACnBpenphIHRpbWUAC0NocmlzIEtvZ29zAAAAAAABMLAAC2xwdlQtRmNpdS00AAEAK2h0dHBzOi8vd3d3LnlvdXR1YmUuY29tL3dhdGNoP3Y9bHB2VC1GY2l1LTQAB3lvdXR1YmUAAAAAAAAAAA=="}
2020-11-13 10:18:58.731  INFO 4538 --- [XNIO-1 I/O-6] lavalink.server.io.SocketServer          : {"op": "stop", "guildId": "714776964283498618"}
2020-11-13 10:19:27.252  INFO 4538 --- [XNIO-1 task-50] l.server.player.AudioLoaderRestHandler   : Got request to load for identifier "ytsearch:pink flamingo"
2020-11-13 10:19:27.561  INFO 4538 --- [XNIO-1 I/O-6] lavalink.server.io.SocketServer          : {"op": "voiceUpdate", "guildId": "714776964283498618", "sessionId": "860736172df43ad4d15498836feff8cb", "event": {"token": "1ffc3832a98caf4b", "guild_id": "714776964283498618", "endpoint": "eu-central2160.discord.media:443"}}
2020-11-13 10:19:27.860  INFO 4538 --- [lava-daemon-pool-info-loader-2-thread-1] lavalink.server.player.AudioLoader       : Loaded playlist Search results for: pink flamingo
2020-11-13 10:19:28.095  INFO 4538 --- [XNIO-1 I/O-6] lavalink.server.io.SocketServer          : {"op": "play", "guildId": "714776964283498618", "track": "QAAAhQIAG0tlcm8gS2VybyBCb25pdG8gLSBGbGFtaW5nbwAQS2VybyBLZXJvIEJvbml0bwAAAAAAAwVwAAtyWS1GSnZScUswRQABACtodHRwczovL3d3dy55b3V0dWJlLmNvbS93YXRjaD92PXJZLUZKdlJxSzBFAAd5b3V0dWJlAAAAAAAAAAA="}
2020-11-13 10:22:46.489  INFO 4538 --- [XNIO-1 I/O-6] lavalink.server.io.SocketServer          : {"op": "stop", "guildId": "714776964283498618"}
2020-11-13 10:29:44.412  INFO 4538 --- [XNIO-1 task-52] l.server.player.AudioLoaderRestHandler   : Got request to load for identifier "ytsearch:sunshine rainbow white pony"
2020-11-13 10:29:45.061  INFO 4538 --- [lava-daemon-pool-info-loader-2-thread-1] lavalink.server.player.AudioLoader       : Loaded playlist Search results for: sunshine rainbow white pony
2020-11-13 10:29:45.248  INFO 4538 --- [XNIO-1 I/O-6] lavalink.server.io.SocketServer          : {"op": "voiceUpdate", "guildId": "714776964283498618", "sessionId": "860736172df43ad4d15498836feff8cb", "event": {"token": "f68325adbccb6a96", "guild_id": "714776964283498618", "endpoint": "eu-central2160.discord.media:443"}}
2020-11-13 10:29:45.285  INFO 4538 --- [XNIO-1 I/O-6] lavalink.server.io.SocketServer          : {"op": "play", "guildId": "714776964283498618", "track": "QAAAxAIAPuWkp+W8teWBiSBXb3draWUgWmhhbmfjgJBTdW5zaGluZSwgUmFpbmJvdywgV2hpdGUgcG9ueeOAkUhEIE1WACzmtbfonbbpn7PmqIIv5aSq5ZCI6Z+z5qiCIFRhaWhlIE11c2ljLeeyvumBuAAAAAAAA/O4AAtZRzRpVEdqdW9LdwABACtodHRwczovL3d3dy55b3V0dWJlLmNvbS93YXRjaD92PVlHNGlUR2p1b0t3AAd5b3V0dWJlAAAAAAAAAAA="}
2020-11-13 10:34:05.035  INFO 4538 --- [XNIO-1 I/O-6] lavalink.server.io.SocketServer          : {"op": "stop", "guildId": "714776964283498618"}
2020-11-13 10:35:43.836  INFO 4538 --- [XNIO-1 task-54] l.server.player.AudioLoaderRestHandler   : Got request to load for identifier "ytsearch:maglovania"
2020-11-13 10:35:44.316  INFO 4538 --- [lava-daemon-pool-info-loader-2-thread-1] lavalink.server.player.AudioLoader       : Loaded playlist Search results for: maglovania
2020-11-13 10:35:44.552  INFO 4538 --- [XNIO-1 I/O-6] lavalink.server.io.SocketServer          : {"op": "play", "guildId": "714776964283498618", "track": "QAAAggIAG1VuZGVydGFsZTogTWFnbG92YW5pYSBUaGVtZQANSm9yZGFuIFdpbm5pZQAAAAAAAIygAAsteEFkb3Bma1VxVQABACtodHRwczovL3d3dy55b3V0dWJlLmNvbS93YXRjaD92PS14QWRvcGZrVXFVAAd5b3V0dWJlAAAAAAAAAAA="}
2020-11-13 10:35:44.660  INFO 4538 --- [XNIO-1 I/O-6] lavalink.server.io.SocketServer          : {"op": "voiceUpdate", "guildId": "714776964283498618", "sessionId": "860736172df43ad4d15498836feff8cb", "event": {"token": "369642ce1fe4438e", "guild_id": "714776964283498618", "endpoint": "eu-central2160.discord.media:443"}}
2020-11-13 10:35:45.283  INFO 4538 --- [lava-daemon-pool-playback-1-thread-2] c.s.l.c.natives.NativeLibraryLoader      : Native library libmpg123-0: loading with filter com.sedmelluq.discord.lavaplayer.natives.ConnectorNativeLibLoader$$Lambda$559/0x0000000840545840@3b58d354
2020-11-13 10:35:45.284  INFO 4538 --- [lava-daemon-pool-playback-1-thread-2] c.s.l.c.natives.NativeLibraryLoader      : Native library connector: loading with filter null
2020-11-13 10:35:45.323  INFO 4538 --- [lava-daemon-pool-playback-1-thread-2] c.s.l.c.natives.NativeLibraryLoader      : Native library connector: successfully loaded.
2020-11-13 10:36:20.832  INFO 4538 --- [XNIO-1 I/O-6] lavalink.server.io.SocketServer          : {"op": "stop", "guildId": "714776964283498618"}
2020-11-13 10:37:53.684  INFO 4538 --- [XNIO-1 I/O-6] lavalink.server.io.SocketServer          : {"op": "stop", "guildId": "714776964283498618"}
2020-11-13 10:37:57.396  INFO 4538 --- [XNIO-1 task-56] l.server.player.AudioLoaderRestHandler   : Got request to load for identifier "ytsearch:megalovania"
2020-11-13 10:37:57.734  INFO 4538 --- [XNIO-1 I/O-6] lavalink.server.io.SocketServer          : {"op": "voiceUpdate", "guildId": "714776964283498618", "sessionId": "860736172df43ad4d15498836feff8cb", "event": {"token": "6a593bd1bda5cd22", "guild_id": "714776964283498618", "endpoint": "eu-central2160.discord.media:443"}}
2020-11-13 10:37:57.936  INFO 4538 --- [lava-daemon-pool-info-loader-2-thread-1] lavalink.server.player.AudioLoader       : Loaded playlist Search results for: megalovania
2020-11-13 10:37:58.141  INFO 4538 --- [XNIO-1 I/O-6] lavalink.server.io.SocketServer          : {"op": "play", "guildId": "714776964283498618", "track": "QAAAewIAF1VuZGVydGFsZSAtIE1lZ2Fsb3ZhbmlhAApHYW1lIEd1YXJkAAAAAAAEypAAC3dEZ1Fkcjhaa1R3AAEAK2h0dHBzOi8vd3d3LnlvdXR1YmUuY29tL3dhdGNoP3Y9d0RnUWRyOFprVHcAB3lvdXR1YmUAAAAAAAAAAA=="}
2020-11-13 10:43:11.488  INFO 4538 --- [XNIO-1 I/O-6] lavalink.server.io.SocketServer          : {"op": "stop", "guildId": "714776964283498618"}
2020-11-13 10:44:27.127  INFO 4538 --- [XNIO-1 task-58] l.server.player.AudioLoaderRestHandler   : Got request to load for identifier "ytsearch:hi"
2020-11-13 10:44:27.666  INFO 4538 --- [lava-daemon-pool-info-loader-2-thread-1] lavalink.server.player.AudioLoader       : Loaded playlist Search results for: hi
2020-11-13 10:44:27.897  INFO 4538 --- [XNIO-1 I/O-6] lavalink.server.io.SocketServer          : {"op": "play", "guildId": "714776964283498618", "track": "QAAAqwIARyJIaSIgMTAwJSBDb21wbGV0ZSAoSU5TQU5FIERFTU9OKSAtIGJ5IEtyYXp5bWFuNTAgLSBHZW9tZXRyeSBEYXNoIFsyLjFdAApUb3NoRGVsdXhlAAAAAAACgKAACzc3bFBhb2E1bkpJAAEAK2h0dHBzOi8vd3d3LnlvdXR1YmUuY29tL3dhdGNoP3Y9NzdsUGFvYTVuSkkAB3lvdXR1YmUAAAAAAAAAAA=="}
2020-11-13 10:44:27.976  INFO 4538 --- [XNIO-1 I/O-6] lavalink.server.io.SocketServer          : {"op": "voiceUpdate", "guildId": "714776964283498618", "sessionId": "860736172df43ad4d15498836feff8cb", "event": {"token": "5d3928a0c23ca77c", "guild_id": "714776964283498618", "endpoint": "eu-central2160.discord.media:443"}}
2020-11-13 10:44:36.814  INFO 4538 --- [XNIO-1 task-60] l.server.player.AudioLoaderRestHandler   : Got request to load for identifier "ytsearch:megalovania"
2020-11-13 10:44:37.419  INFO 4538 --- [lava-daemon-pool-info-loader-2-thread-1] lavalink.server.player.AudioLoader       : Loaded playlist Search results for: megalovania
2020-11-13 10:44:42.112  INFO 4538 --- [XNIO-1 task-62] l.server.player.AudioLoaderRestHandler   : Got request to load for identifier "ytsearch:pink sunshine white pony"
2020-11-13 10:44:42.686  INFO 4538 --- [lava-daemon-pool-info-loader-2-thread-1] lavalink.server.player.AudioLoader       : Loaded playlist Search results for: pink sunshine white pony
2020-11-13 10:44:46.816  INFO 4538 --- [XNIO-1 task-64] l.server.player.AudioLoaderRestHandler   : Got request to load for identifier "ytsearch:pink flamingo"
2020-11-13 10:44:47.388  INFO 4538 --- [lava-daemon-pool-info-loader-2-thread-1] lavalink.server.player.AudioLoader       : Loaded playlist Search results for: pink flamingo
2020-11-13 10:46:00.704  INFO 4538 --- [XNIO-1 I/O-6] lavalink.server.io.SocketServer          : {"op": "stop", "guildId": "714776964283498618"}
2020-11-13 10:48:03.026  INFO 4538 --- [XNIO-1 task-2] l.server.player.AudioLoaderRestHandler   : Got request to load for identifier "ytsearch:hi"
2020-11-13 10:48:03.775  INFO 4538 --- [lava-daemon-pool-info-loader-2-thread-1] lavalink.server.player.AudioLoader       : Loaded playlist Search results for: hi
2020-11-13 10:48:04.019  INFO 4538 --- [XNIO-1 I/O-6] lavalink.server.io.SocketServer          : {"op": "play", "guildId": "714776964283498618", "track": "QAAAqwIARyJIaSIgMTAwJSBDb21wbGV0ZSAoSU5TQU5FIERFTU9OKSAtIGJ5IEtyYXp5bWFuNTAgLSBHZW9tZXRyeSBEYXNoIFsyLjFdAApUb3NoRGVsdXhlAAAAAAACgKAACzc3bFBhb2E1bkpJAAEAK2h0dHBzOi8vd3d3LnlvdXR1YmUuY29tL3dhdGNoP3Y9NzdsUGFvYTVuSkkAB3lvdXR1YmUAAAAAAAAAAA=="}
2020-11-13 10:48:05.484  INFO 4538 --- [XNIO-1 I/O-6] lavalink.server.io.SocketServer          : {"op": "stop", "guildId": "714776964283498618"}
2020-11-13 10:48:09.698  INFO 4538 --- [XNIO-1 task-4] l.server.player.AudioLoaderRestHandler   : Got request to load for identifier "ytsearch:hi"
2020-11-13 10:48:10.203  INFO 4538 --- [lava-daemon-pool-info-loader-2-thread-1] lavalink.server.player.AudioLoader       : Loaded playlist Search results for: hi
2020-11-13 10:48:10.397  INFO 4538 --- [XNIO-1 I/O-6] lavalink.server.io.SocketServer          : {"op": "play", "guildId": "714776964283498618", "track": "QAAAqwIARyJIaSIgMTAwJSBDb21wbGV0ZSAoSU5TQU5FIERFTU9OKSAtIGJ5IEtyYXp5bWFuNTAgLSBHZW9tZXRyeSBEYXNoIFsyLjFdAApUb3NoRGVsdXhlAAAAAAACgKAACzc3bFBhb2E1bkpJAAEAK2h0dHBzOi8vd3d3LnlvdXR1YmUuY29tL3dhdGNoP3Y9NzdsUGFvYTVuSkkAB3lvdXR1YmUAAAAAAAAAAA=="}
2020-11-13 10:48:10.955  INFO 4538 --- [XNIO-1 task-6] l.server.player.AudioLoaderRestHandler   : Got request to load for identifier "ytsearch:hi"
2020-11-13 10:48:11.489  INFO 4538 --- [lava-daemon-pool-info-loader-2-thread-1] lavalink.server.player.AudioLoader       : Loaded playlist Search results for: hi
2020-11-13 10:48:12.197  INFO 4538 --- [XNIO-1 task-8] l.server.player.AudioLoaderRestHandler   : Got request to load for identifier "ytsearch:hi"
2020-11-13 10:48:12.647  INFO 4538 --- [lava-daemon-pool-info-loader-2-thread-1] lavalink.server.player.AudioLoader       : Loaded playlist Search results for: hi
2020-11-13 10:48:13.133  INFO 4538 --- [XNIO-1 task-10] l.server.player.AudioLoaderRestHandler   : Got request to load for identifier "ytsearch:hi"
2020-11-13 10:48:13.791  INFO 4538 --- [lava-daemon-pool-info-loader-2-thread-1] lavalink.server.player.AudioLoader       : Loaded playlist Search results for: hi
2020-11-13 10:48:27.219  INFO 4538 --- [XNIO-1 I/O-6] lavalink.server.io.SocketServer          : {"op": "stop", "guildId": "714776964283498618"}
2020-11-13 10:49:08.527  INFO 4538 --- [XNIO-1 task-12] l.server.player.AudioLoaderRestHandler   : Got request to load for identifier "ytsearch:hi"
2020-11-13 10:49:09.046  INFO 4538 --- [lava-daemon-pool-info-loader-2-thread-1] lavalink.server.player.AudioLoader       : Loaded playlist Search results for: hi
2020-11-13 10:49:09.294  INFO 4538 --- [XNIO-1 I/O-6] lavalink.server.io.SocketServer          : {"op": "play", "guildId": "714776964283498618", "track": "QAAAqwIARyJIaSIgMTAwJSBDb21wbGV0ZSAoSU5TQU5FIERFTU9OKSAtIGJ5IEtyYXp5bWFuNTAgLSBHZW9tZXRyeSBEYXNoIFsyLjFdAApUb3NoRGVsdXhlAAAAAAACgKAACzc3bFBhb2E1bkpJAAEAK2h0dHBzOi8vd3d3LnlvdXR1YmUuY29tL3dhdGNoP3Y9NzdsUGFvYTVuSkkAB3lvdXR1YmUAAAAAAAAAAA=="}
2020-11-13 10:49:09.764  INFO 4538 --- [XNIO-1 task-14] l.server.player.AudioLoaderRestHandler   : Got request to load for identifier "ytsearch:bhui"
2020-11-13 10:49:10.261  INFO 4538 --- [lava-daemon-pool-info-loader-2-thread-1] lavalink.server.player.AudioLoader       : Loaded playlist Search results for: bhui
2020-11-13 10:49:10.777  INFO 4538 --- [XNIO-1 task-16] l.server.player.AudioLoaderRestHandler   : Got request to load for identifier "ytsearch:hi"
2020-11-13 10:49:11.280  INFO 4538 --- [lava-daemon-pool-info-loader-2-thread-1] lavalink.server.player.AudioLoader       : Loaded playlist Search results for: hi
2020-11-13 10:49:11.796  INFO 4538 --- [XNIO-1 task-18] l.server.player.AudioLoaderRestHandler   : Got request to load for identifier "ytsearch:hi"
2020-11-13 10:49:12.402  INFO 4538 --- [lava-daemon-pool-info-loader-2-thread-1] lavalink.server.player.AudioLoader       : Loaded playlist Search results for: hi
2020-11-13 10:49:24.344  INFO 4538 --- [XNIO-1 I/O-6] lavalink.server.io.SocketServer          : {"op": "stop", "guildId": "714776964283498618"}
2020-11-13 10:49:41.174  INFO 4538 --- [XNIO-1 task-20] l.server.player.AudioLoaderRestHandler   : Got request to load for identifier "ytsearch:hi"
2020-11-13 10:49:41.657  INFO 4538 --- [lava-daemon-pool-info-loader-2-thread-1] lavalink.server.player.AudioLoader       : Loaded playlist Search results for: hi
2020-11-13 10:49:41.954  INFO 4538 --- [XNIO-1 I/O-6] lavalink.server.io.SocketServer          : {"op": "play", "guildId": "714776964283498618", "track": "QAAAqwIARyJIaSIgMTAwJSBDb21wbGV0ZSAoSU5TQU5FIERFTU9OKSAtIGJ5IEtyYXp5bWFuNTAgLSBHZW9tZXRyeSBEYXNoIFsyLjFdAApUb3NoRGVsdXhlAAAAAAACgKAACzc3bFBhb2E1bkpJAAEAK2h0dHBzOi8vd3d3LnlvdXR1YmUuY29tL3dhdGNoP3Y9NzdsUGFvYTVuSkkAB3lvdXR1YmUAAAAAAAAAAA=="}
2020-11-13 10:49:43.880  INFO 4538 --- [XNIO-1 task-22] l.server.player.AudioLoaderRestHandler   : Got request to load for identifier "ytsearch:pink flamingo"
2020-11-13 10:49:44.409  INFO 4538 --- [lava-daemon-pool-info-loader-2-thread-1] lavalink.server.player.AudioLoader       : Loaded playlist Search results for: pink flamingo
2020-11-13 10:49:47.731  INFO 4538 --- [XNIO-1 I/O-6] lavalink.server.io.SocketServer          : {"op": "play", "guildId": "714776964283498618", "track": "QAAAhQIAG0tlcm8gS2VybyBCb25pdG8gLSBGbGFtaW5nbwAQS2VybyBLZXJvIEJvbml0bwAAAAAAAwVwAAtyWS1GSnZScUswRQABACtodHRwczovL3d3dy55b3V0dWJlLmNvbS93YXRjaD92PXJZLUZKdlJxSzBFAAd5b3V0dWJlAAAAAAAAAAA="}
2020-11-13 10:53:05.994  INFO 4538 --- [XNIO-1 I/O-6] lavalink.server.io.SocketServer          : {"op": "stop", "guildId": "714776964283498618"}
2020-11-13 10:55:09.621  INFO 4538 --- [XNIO-1 task-24] l.server.player.AudioLoaderRestHandler   : Got request to load for identifier "ytsearch:flamingo"
2020-11-13 10:55:10.206  INFO 4538 --- [lava-daemon-pool-info-loader-2-thread-1] lavalink.server.player.AudioLoader       : Loaded playlist Search results for: flamingo
2020-11-13 10:55:10.464  INFO 4538 --- [XNIO-1 I/O-6] lavalink.server.io.SocketServer          : {"op": "play", "guildId": "714776964283498618", "track": "QAAAiAIAJlJvYmxveCBpcyBkZWxldGluZyB0aGUgIk9PRiEiIHNvdW5kLi4uAAhGbGFtaW5nbwAAAAAACayQAAtzemh4aTd4QldCZwABACtodHRwczovL3d3dy55b3V0dWJlLmNvbS93YXRjaD92PXN6aHhpN3hCV0JnAAd5b3V0dWJlAAAAAAAAAAA="}
2020-11-13 10:55:10.474  INFO 4538 --- [XNIO-1 I/O-6] lavalink.server.io.SocketServer          : {"op": "voiceUpdate", "guildId": "714776964283498618", "sessionId": "860736172df43ad4d15498836feff8cb", "event": {"token": "bfe34925ce11aa17", "guild_id": "714776964283498618", "endpoint": "eu-central2160.discord.media:443"}}
2020-11-13 10:55:14.464  INFO 4538 --- [XNIO-1 I/O-6] lavalink.server.io.SocketServer          : {"op": "stop", "guildId": "714776964283498618"}
2020-11-13 10:55:39.715  INFO 4538 --- [XNIO-1 task-26] l.server.player.AudioLoaderRestHandler   : Got request to load for identifier "ytsearch:pink flamingo"
2020-11-13 10:55:40.243  INFO 4538 --- [lava-daemon-pool-info-loader-2-thread-1] lavalink.server.player.AudioLoader       : Loaded playlist Search results for: pink flamingo
2020-11-13 10:55:45.481  INFO 4538 --- [XNIO-1 I/O-6] lavalink.server.io.SocketServer          : {"op": "play", "guildId": "714776964283498618", "track": "QAAAhQIAG0tlcm8gS2VybyBCb25pdG8gLSBGbGFtaW5nbwAQS2VybyBLZXJvIEJvbml0bwAAAAAAAwVwAAtyWS1GSnZScUswRQABACtodHRwczovL3d3dy55b3V0dWJlLmNvbS93YXRjaD92PXJZLUZKdlJxSzBFAAd5b3V0dWJlAAAAAAAAAAA="}
2020-11-13 10:57:18.972  INFO 4538 --- [XNIO-1 I/O-6] lavalink.server.io.SocketServer          : {"op": "volume", "guildId": "714776964283498618", "volume": 200}
2020-11-13 10:57:25.920  INFO 4538 --- [XNIO-1 I/O-6] lavalink.server.io.SocketServer          : {"op": "volume", "guildId": "714776964283498618", "volume": 300}
2020-11-13 10:57:30.121  INFO 4538 --- [XNIO-1 I/O-6] lavalink.server.io.SocketServer          : {"op": "volume", "guildId": "714776964283498618", "volume": 1000}
2020-11-13 10:57:37.223  INFO 4538 --- [XNIO-1 I/O-6] lavalink.server.io.SocketServer          : {"op": "stop", "guildId": "714776964283498618"}
2020-11-13 10:58:19.594  INFO 4538 --- [XNIO-1 I/O-6] lavalink.server.io.SocketServer          : {"op": "volume", "guildId": "714776964283498618", "volume": 1000}
2020-11-13 10:58:26.933  INFO 4538 --- [XNIO-1 task-28] l.server.player.AudioLoaderRestHandler   : Got request to load for identifier "ytsearch:hi"
2020-11-13 10:58:27.578  INFO 4538 --- [lava-daemon-pool-info-loader-2-thread-1] lavalink.server.player.AudioLoader       : Loaded playlist Search results for: hi
2020-11-13 10:58:27.787  INFO 4538 --- [XNIO-1 I/O-6] lavalink.server.io.SocketServer          : {"op": "play", "guildId": "714776964283498618", "track": "QAAAqwIARyJIaSIgMTAwJSBDb21wbGV0ZSAoSU5TQU5FIERFTU9OKSAtIGJ5IEtyYXp5bWFuNTAgLSBHZW9tZXRyeSBEYXNoIFsyLjFdAApUb3NoRGVsdXhlAAAAAAACgKAACzc3bFBhb2E1bkpJAAEAK2h0dHBzOi8vd3d3LnlvdXR1YmUuY29tL3dhdGNoP3Y9NzdsUGFvYTVuSkkAB3lvdXR1YmUAAAAAAAAAAA=="}
2020-11-13 10:58:33.571  INFO 4538 --- [XNIO-1 I/O-6] lavalink.server.io.SocketServer          : {"op": "stop", "guildId": "714776964283498618"}
2020-11-13 10:58:36.641  INFO 4538 --- [XNIO-1 task-30] l.server.player.AudioLoaderRestHandler   : Got request to load for identifier "ytsearch:megalovania"
2020-11-13 10:58:37.341  INFO 4538 --- [lava-daemon-pool-info-loader-2-thread-1] lavalink.server.player.AudioLoader       : Loaded playlist Search results for: megalovania
2020-11-13 10:58:37.529  INFO 4538 --- [XNIO-1 I/O-6] lavalink.server.io.SocketServer          : {"op": "play", "guildId": "714776964283498618", "track": "QAAAewIAF1VuZGVydGFsZSAtIE1lZ2Fsb3ZhbmlhAApHYW1lIEd1YXJkAAAAAAAEypAAC3dEZ1Fkcjhaa1R3AAEAK2h0dHBzOi8vd3d3LnlvdXR1YmUuY29tL3dhdGNoP3Y9d0RnUWRyOFprVHcAB3lvdXR1YmUAAAAAAAAAAA=="}
2020-11-13 10:58:47.776  INFO 4538 --- [XNIO-1 task-32] l.server.player.AudioLoaderRestHandler   : Got request to load for identifier "ytsearch:38492380429342"
2020-11-13 10:58:48.003  INFO 4538 --- [lava-daemon-pool-info-loader-2-thread-1] lavalink.server.player.AudioLoader       : No matches found
2020-11-13 10:58:51.070  INFO 4538 --- [XNIO-1 I/O-6] lavalink.server.io.SocketServer          : {"op": "volume", "guildId": "714776964283498618", "volume": 1000}
2020-11-13 10:58:58.388  INFO 4538 --- [XNIO-1 I/O-6] lavalink.server.io.SocketServer          : {"op": "volume", "guildId": "714776964283498618", "volume": 1000}
2020-11-13 10:59:18.299  INFO 4538 --- [XNIO-1 I/O-6] lavalink.server.io.SocketServer          : {"op": "volume", "guildId": "714776964283498618", "volume": 0}
2020-11-13 10:59:21.669  INFO 4538 --- [XNIO-1 I/O-6] lavalink.server.io.SocketServer          : {"op": "volume", "guildId": "714776964283498618", "volume": 0}
2020-11-13 10:59:25.547  INFO 4538 --- [XNIO-1 I/O-6] lavalink.server.io.SocketServer          : {"op": "volume", "guildId": "714776964283498618", "volume": 0}
2020-11-13 10:59:28.333  INFO 4538 --- [XNIO-1 I/O-6] lavalink.server.io.SocketServer          : {"op": "volume", "guildId": "714776964283498618", "volume": 1}
2020-11-13 10:59:30.211  INFO 4538 --- [XNIO-1 I/O-6] lavalink.server.io.SocketServer          : {"op": "volume", "guildId": "714776964283498618", "volume": 50}
2020-11-13 11:03:51.016  INFO 4538 --- [XNIO-1 I/O-6] lavalink.server.io.SocketServer          : {"op": "stop", "guildId": "714776964283498618"}
2020-11-13 11:22:38.526  INFO 4538 --- [XNIO-1 I/O-6] lavalink.server.io.SocketServer          : Connection closed from /127.0.0.1:48266 with status CloseStatus[code=1006, reason=] -- Session can be resumed within the next 60 seconds with key default-node
2020-11-13 11:22:38.999  INFO 4538 --- [XNIO-1 task-34] l.server.io.HandshakeInterceptorImpl     : Incoming connection from /127.0.0.1:49760
2020-11-13 11:22:39.009  INFO 4538 --- [XNIO-1 task-34] lavalink.server.io.SocketServer          : Connection successfully established from /127.0.0.1:49760
2020-11-13 11:22:39.009  INFO 4538 --- [XNIO-1 I/O-4] lavalink.server.io.SocketServer          : {"op": "configureResuming", "key": "default-node", "timeout": 60}
2020-11-13 11:22:47.931  INFO 4538 --- [XNIO-1 task-35] l.server.player.AudioLoaderRestHandler   : Got request to load for identifier "https://youtu.be/cNauEQ9c7N0"
2020-11-13 11:22:48.538  INFO 4538 --- [lava-daemon-pool-info-loader-2-thread-1] lavalink.server.player.AudioLoader       : Loaded track Re:Zero All Openings & Endings Collection (S1 & S2) 2020 Edition
2020-11-13 11:22:48.754  INFO 4538 --- [XNIO-1 I/O-4] lavalink.server.io.SocketServer          : {"op": "play", "guildId": "714776964283498618", "track": "QAAAogIAQFJlOlplcm8gQWxsIE9wZW5pbmdzICYgRW5kaW5ncyBDb2xsZWN0aW9uIChTMSAmIFMyKSAyMDIwIEVkaXRpb24ACEtpcmFuaW1lAAAAAAAn3wgAC2NOYXVFUTljN04wAAEAK2h0dHBzOi8vd3d3LnlvdXR1YmUuY29tL3dhdGNoP3Y9Y05hdUVROWM3TjAAB3lvdXR1YmUAAAAAAAAAAA=="}
2020-11-13 11:22:48.777  INFO 4538 --- [XNIO-1 I/O-4] lavalink.server.io.SocketServer          : {"op": "voiceUpdate", "guildId": "714776964283498618", "sessionId": "3c40b6369a8a35a679d75552ba01230f", "event": {"token": "71113335cc832595", "guild_id": "714776964283498618", "endpoint": "eu-central2160.discord.media:443"}}
2020-11-13 11:23:38.527  INFO 4538 --- [pool-6-thread-1] lavalink.server.io.SocketContext         : Shutting down 0 playing players.
2020-11-13 11:25:59.364  INFO 4538 --- [XNIO-1 I/O-4] lavalink.server.io.SocketServer          : Connection closed from /127.0.0.1:49760 with status CloseStatus[code=1006, reason=] -- Session can be resumed within the next 60 seconds with key default-node
2020-11-13 11:25:59.783  INFO 4538 --- [XNIO-1 task-37] l.server.io.HandshakeInterceptorImpl     : Incoming connection from /127.0.0.1:49780
2020-11-13 11:25:59.785  INFO 4538 --- [XNIO-1 task-37] lavalink.server.io.SocketServer          : Connection successfully established from /127.0.0.1:49780
2020-11-13 11:25:59.785  INFO 4538 --- [XNIO-1 I/O-8] lavalink.server.io.SocketServer          : {"op": "configureResuming", "key": "default-node", "timeout": 60}
2020-11-13 11:26:11.178  INFO 4538 --- [XNIO-1 I/O-8] lavalink.server.io.SocketServer          : {"op": "voiceUpdate", "guildId": "714776964283498618", "sessionId": "2ffb5e5047f8d090b6fbe191811c0790", "event": {"token": "71113335cc832595", "guild_id": "714776964283498618", "endpoint": "eu-central2160.discord.media:443"}}
2020-11-13 11:26:59.365  INFO 4538 --- [pool-7-thread-1] lavalink.server.io.SocketContext         : Shutting down 1 playing players.
2020-11-13 11:27:53.030  INFO 4538 --- [XNIO-1 I/O-8] lavalink.server.io.SocketServer          : {"op": "volume", "guildId": "714776964283498618", "volume": 1000}
2020-11-13 11:28:05.120  INFO 4538 --- [XNIO-1 I/O-8] lavalink.server.io.SocketServer          : {"op": "volume", "guildId": "714776964283498618", "volume": 0}
2020-11-13 11:28:07.001  INFO 4538 --- [XNIO-1 I/O-8] lavalink.server.io.SocketServer          : {"op": "volume", "guildId": "714776964283498618", "volume": 100}
2020-11-13 11:32:42.005  INFO 4538 --- [XNIO-1 task-38] l.server.player.AudioLoaderRestHandler   : Got request to load for identifier "https://www.youtube.com/watch?v=MkXCcuc0MVI&ab_channel=PairPiano"
2020-11-13 11:32:42.758  INFO 4538 --- [lava-daemon-pool-info-loader-2-thread-1] lavalink.server.player.AudioLoader       : Loaded track ê³µë¶€í•  ë•Œ ë“£ê¸° ì¢‹ì€ ë©”ì´í”ŒìŠ¤í† ë¦¬ ëª…ê³¡ BGM 23ì„  í”¼ì•„ë…¸ ëª¨ìŒ Maplestory BGM 23 song Piano Compilation (+íŒ¨ìŠ¤íŒŒì¸ë” Pathfinder ì¶”ê°€)
2020-11-13 11:32:43.005  INFO 4538 --- [XNIO-1 I/O-8] lavalink.server.io.SocketServer          : {"op": "play", "guildId": "714776964283498618", "track": "QAABAgIAnuqzteu2gO2VoCDrlYwg65Oj6riwIOyii+ydgCDrqZTsnbTtlIzsiqTthqDrpqwg66qF6rOhIEJHTSAyM+yEoCDtlLzslYTrhbgg66qo7J2MIE1hcGxlc3RvcnkgQkdNIDIzIHNvbmcgUGlhbm8gQ29tcGlsYXRpb24gKCvtjKjsiqTtjIzsnbjrjZQgUGF0aGZpbmRlciDstpTqsIApAApQYWlyIFBpYW5vAAAAAAA92/AAC01rWENjdWMwTVZJAAEAK2h0dHBzOi8vd3d3LnlvdXR1YmUuY29tL3dhdGNoP3Y9TWtYQ2N1YzBNVkkAB3lvdXR1YmUAAAAAAAAAAA=="}
2020-11-13 11:33:09.213  INFO 4538 --- [XNIO-1 I/O-8] lavalink.server.io.SocketServer          : {"op": "seek", "guildId": "714776964283498618", "position": 2221000}
2020-11-13 11:33:52.877  INFO 4538 --- [XNIO-1 I/O-8] lavalink.server.io.SocketServer          : {"op": "stop", "guildId": "714776964283498618"}
2020-11-13 11:33:57.833  INFO 4538 --- [XNIO-1 task-40] l.server.player.AudioLoaderRestHandler   : Got request to load for identifier "ytsearch:pink flamingo"
2020-11-13 11:33:58.450  INFO 4538 --- [lava-daemon-pool-info-loader-2-thread-1] lavalink.server.player.AudioLoader       : Loaded playlist Search results for: pink flamingo
2020-11-13 11:33:58.673  INFO 4538 --- [XNIO-1 I/O-8] lavalink.server.io.SocketServer          : {"op": "play", "guildId": "714776964283498618", "track": "QAAAhQIAG0tlcm8gS2VybyBCb25pdG8gLSBGbGFtaW5nbwAQS2VybyBLZXJvIEJvbml0bwAAAAAAAwVwAAtyWS1GSnZScUswRQABACtodHRwczovL3d3dy55b3V0dWJlLmNvbS93YXRjaD92PXJZLUZKdlJxSzBFAAd5b3V0dWJlAAAAAAAAAAA="}
2020-11-13 11:34:00.214  INFO 4538 --- [XNIO-1 I/O-8] lavalink.server.io.SocketServer          : {"op": "volume", "guildId": "714776964283498618", "volume": 1000}
2020-11-13 11:34:52.987  INFO 4538 --- [XNIO-1 I/O-8] lavalink.server.io.SocketServer          : {"op": "stop", "guildId": "714776964283498618"}
2020-11-13 11:34:56.826  INFO 4538 --- [XNIO-1 I/O-8] lavalink.server.io.SocketServer          : {"op": "volume", "guildId": "714776964283498618", "volume": 100}
2020-11-13 11:35:01.662  INFO 4538 --- [XNIO-1 I/O-8] lavalink.server.io.SocketServer          : {"op": "volume", "guildId": "714776964283498618", "volume": 1000}
2020-11-13 11:35:06.673  INFO 4538 --- [XNIO-1 task-42] l.server.player.AudioLoaderRestHandler   : Got request to load for identifier "ytsearch:megalovania"
2020-11-13 11:35:07.325  INFO 4538 --- [lava-daemon-pool-info-loader-2-thread-1] lavalink.server.player.AudioLoader       : Loaded playlist Search results for: megalovania
2020-11-13 11:35:07.531  INFO 4538 --- [XNIO-1 I/O-8] lavalink.server.io.SocketServer          : {"op": "play", "guildId": "714776964283498618", "track": "QAAAewIAF1VuZGVydGFsZSAtIE1lZ2Fsb3ZhbmlhAApHYW1lIEd1YXJkAAAAAAAEypAAC3dEZ1Fkcjhaa1R3AAEAK2h0dHBzOi8vd3d3LnlvdXR1YmUuY29tL3dhdGNoP3Y9d0RnUWRyOFprVHcAB3lvdXR1YmUAAAAAAAAAAA=="}
2020-11-13 11:35:18.562  INFO 4538 --- [XNIO-1 I/O-8] lavalink.server.io.SocketServer          : {"op": "volume", "guildId": "714776964283498618", "volume": 100}
